

*******************************************************************************
Sun Nov 10 10:13:46 2013


FIT:    data read from "out" using 1:2
        format = x:z
        #datapoints = 12
        residuals are weighted equally (unit weight)

function used for fitting: f(x)
fitted parameters initialized with current variable values



 Iteration 0
 WSSR        : 1164              delta(WSSR)/WSSR   : 0
 delta(WSSR) : 0                 limit for stopping : 1e-05
 lambda	  : 12.6649

initial set of free parameter values

a               = 1
b               = 1

After 15 iterations the fit converged.
final sum of squares of residuals : 34.1712
rel. change during last iteration : -6.67788e-07

degrees of freedom    (FIT_NDF)                        : 10
rms of residuals      (FIT_STDFIT) = sqrt(WSSR/ndf)    : 1.84855
variance of residuals (reduced chisquare) = WSSR/ndf   : 3.41712

Final set of parameters            Asymptotic Standard Error
=======================            ==========================

a               = -0.348495        +/- 0.04713      (13.52%)
b               = 22.2326          +/- 1.558        (7.009%)


correlation matrix of the fit parameters:

               a      b      
a               1.000 
b              -0.822  1.000 
